[0m[[0m[0mdebug[0m] [0m[0mjavaOptions: Vector()[0m
[0m[[0m[0mdebug[0m] [0m[0mForking tests - parallelism = false[0m
[0m[[0m[0mdebug[0m] [0m[0mCreate a single-thread test executor[0m
[0m[[0m[0mdebug[0m] [0m[0mRunner for com.novocode.junit.JUnitFramework produced 1 initial tasks for 1 tests.[0m
[0m[[0m[0mdebug[0m] [0m[0m  Running TaskDef(recfun.RecFunSuite, sbt.ForkMain$AnnotatedFingerscan@6f2a54b3, false, [SuiteSelector])[0m
[0m[[0m[0minfo[0m] [0m[0m[34mTest run started[0m[0m
[0m[[0m[0minfo[0m] [0m[0mTest recfun.[33mRecFunSuite[0m.[36mcountChange: sorted CHF[0m started[0m
[0m[[0m[31merror[0m] [0m[0mTest recfun.[33mRecFunSuite[0m.[31mcountChange: sorted CHF[0m failed: java.lang.[31mAssertionError[0m: expected:<1022> but was:<1>, took 0.053 sec[0m
[0m[[0m[31merror[0m] [0m[0m    at recfun.RecFunSuite.countChange: sorted CHF([35mRecFunSuite.scala[0m:[33m29[0m)[0m
[0m[[0m[31merror[0m] [0m[0m    ...[0m
[0m[[0m[0mdebug[0m] [0m[0mTest recfun.[33mRecFunSuite[0m.[36mcountChange: sorted CHF[0m finished, took 0.055 sec[0m
[0m[[0m[0minfo[0m] [0m[0mTest recfun.[33mRecFunSuite[0m.[36mcountChange: unsorted CHF[0m started[0m
[0m[[0m[31merror[0m] [0m[0mTest recfun.[33mRecFunSuite[0m.[31mcountChange: unsorted CHF[0m failed: java.lang.[31mAssertionError[0m: expected:<1022> but was:<1>, took 0.001 sec[0m
[0m[[0m[31merror[0m] [0m[0m    at recfun.RecFunSuite.countChange: unsorted CHF([35mRecFunSuite.scala[0m:[33m35[0m)[0m
[0m[[0m[31merror[0m] [0m[0m    ...[0m
[0m[[0m[0mdebug[0m] [0m[0mTest recfun.[33mRecFunSuite[0m.[36mcountChange: unsorted CHF[0m finished, took 0.001 sec[0m
[0m[[0m[0minfo[0m] [0m[0mTest recfun.[33mRecFunSuite[0m.[36mcountChange: example given in instructions[0m started[0m
[0m[[0m[31merror[0m] [0m[0mTest recfun.[33mRecFunSuite[0m.[31mcountChange: example given in instructions[0m failed: java.lang.[31mAssertionError[0m: expected:<3> but was:<1>, took 0.001 sec[0m
[0m[[0m[31merror[0m] [0m[0m    at recfun.RecFunSuite.countChange: example given in instructions([35mRecFunSuite.scala[0m:[33m26[0m)[0m
[0m[[0m[31merror[0m] [0m[0m    ...[0m
[0m[[0m[0mdebug[0m] [0m[0mTest recfun.[33mRecFunSuite[0m.[36mcountChange: example given in instructions[0m finished, took 0.002 sec[0m
[0m[[0m[0minfo[0m] [0m[0mTest recfun.[33mRecFunSuite[0m.[36mbalance: counting is not enough[0m started[0m
[0m[[0m[31merror[0m] [0m[0mTest recfun.[33mRecFunSuite[0m.[31mbalance: counting is not enough[0m failed: java.util.[31mNoSuchElementException[0m: head of empty list, took 0.145 sec[0m
[0m[[0m[31merror[0m] [0m[0m    at scala.collection.immutable.Nil$.head(List.scala:599)[0m
[0m[[0m[31merror[0m] [0m[0m    at scala.collection.immutable.Nil$.head(List.scala:598)[0m
[0m[[0m[31merror[0m] [0m[0m    at recfun.RecFun$.loop$1(RecFun.scala:28)[0m
[0m[[0m[31merror[0m] [0m[0m    at recfun.RecFun$.balance(RecFun.scala:34)[0m
[0m[[0m[31merror[0m] [0m[0m    at recfun.RecFunSuite.balance: counting is not enough([35mRecFunSuite.scala[0m:[33m21[0m)[0m
[0m[[0m[31merror[0m] [0m[0m    ...[0m
[0m[[0m[0mdebug[0m] [0m[0mTest recfun.[33mRecFunSuite[0m.[36mbalance: counting is not enough[0m finished, took 0.146 sec[0m
[0m[[0m[0minfo[0m] [0m[0mTest recfun.[33mRecFunSuite[0m.[36mpascal: col=1,row=2[0m started[0m
[0m[[0m[0mdebug[0m] [0m[0mTest recfun.[33mRecFunSuite[0m.[36mpascal: col=1,row=2[0m finished, took 0.0 sec[0m
[0m[[0m[0minfo[0m] [0m[0mTest recfun.[33mRecFunSuite[0m.[36mpascal: col=1,row=3[0m started[0m
[0m[[0m[0mdebug[0m] [0m[0mTest recfun.[33mRecFunSuite[0m.[36mpascal: col=1,row=3[0m finished, took 0.0 sec[0m
[0m[[0m[0minfo[0m] [0m[0mTest recfun.[33mRecFunSuite[0m.[36mbalance: ':-)' is unbalanced[0m started[0m
[0m[[0m[31merror[0m] [0m[0mTest recfun.[33mRecFunSuite[0m.[31mbalance: ':-)' is unbalanced[0m failed: java.util.[31mNoSuchElementException[0m: head of empty list, took 0.001 sec[0m
[0m[[0m[31merror[0m] [0m[0m    at scala.collection.immutable.Nil$.head(List.scala:599)[0m
[0m[[0m[31merror[0m] [0m[0m    at scala.collection.immutable.Nil$.head(List.scala:598)[0m
[0m[[0m[31merror[0m] [0m[0m    at recfun.RecFun$.loop$1(RecFun.scala:28)[0m
[0m[[0m[31merror[0m] [0m[0m    at recfun.RecFun$.balance(RecFun.scala:34)[0m
[0m[[0m[31merror[0m] [0m[0m    at recfun.RecFunSuite.balance: ':-)' is unbalanced([35mRecFunSuite.scala[0m:[33m18[0m)[0m
[0m[[0m[31merror[0m] [0m[0m    ...[0m
[0m[[0m[0mdebug[0m] [0m[0mTest recfun.[33mRecFunSuite[0m.[36mbalance: ':-)' is unbalanced[0m finished, took 0.002 sec[0m
[0m[[0m[0minfo[0m] [0m[0mTest recfun.[33mRecFunSuite[0m.[36mpascal: col=0,row=2[0m started[0m
[0m[[0m[0mdebug[0m] [0m[0mTest recfun.[33mRecFunSuite[0m.[36mpascal: col=0,row=2[0m finished, took 0.001 sec[0m
[0m[[0m[0minfo[0m] [0m[0mTest recfun.[33mRecFunSuite[0m.[36mbalance: '(if (zero? x) max (/ 1 x))' is balanced[0m started[0m
[0m[[0m[31merror[0m] [0m[0mTest recfun.[33mRecFunSuite[0m.[31mbalance: '(if (zero? x) max (/ 1 x))' is balanced[0m failed: java.util.[31mNoSuchElementException[0m: head of empty list, took 0.001 sec[0m
[0m[[0m[31merror[0m] [0m[0m    at scala.collection.immutable.Nil$.head(List.scala:599)[0m
[0m[[0m[31merror[0m] [0m[0m    at scala.collection.immutable.Nil$.head(List.scala:598)[0m
[0m[[0m[31merror[0m] [0m[0m    at recfun.RecFun$.loop$1(RecFun.scala:28)[0m
[0m[[0m[31merror[0m] [0m[0m    at recfun.RecFun$.balance(RecFun.scala:34)[0m
[0m[[0m[31merror[0m] [0m[0m    at recfun.RecFunSuite.balance: '(if (zero? x) max (/ 1 x))' is balanced([35mRecFunSuite.scala[0m:[33m12[0m)[0m
[0m[[0m[31merror[0m] [0m[0m    ...[0m
[0m[[0m[0mdebug[0m] [0m[0mTest recfun.[33mRecFunSuite[0m.[36mbalance: '(if (zero? x) max (/ 1 x))' is balanced[0m finished, took 0.002 sec[0m
[0m[[0m[0minfo[0m] [0m[0mTest recfun.[33mRecFunSuite[0m.[36mcountChange: no pennies[0m started[0m
[0m[[0m[31merror[0m] [0m[0mTest recfun.[33mRecFunSuite[0m.[31mcountChange: no pennies[0m failed: java.lang.[31mAssertionError[0m: expected:<0> but was:<1>, took 0.001 sec[0m
[0m[[0m[31merror[0m] [0m[0m    at recfun.RecFunSuite.countChange: no pennies([35mRecFunSuite.scala[0m:[33m32[0m)[0m
[0m[[0m[31merror[0m] [0m[0m    ...[0m
[0m[[0m[0mdebug[0m] [0m[0mTest recfun.[33mRecFunSuite[0m.[36mcountChange: no pennies[0m finished, took 0.001 sec[0m
[0m[[0m[0minfo[0m] [0m[0mTest recfun.[33mRecFunSuite[0m.[36mbalance: 'I told him ...' is balanced[0m started[0m
[0m[[0m[31merror[0m] [0m[0mTest recfun.[33mRecFunSuite[0m.[31mbalance: 'I told him ...' is balanced[0m failed: java.util.[31mNoSuchElementException[0m: head of empty list, took 0.001 sec[0m
[0m[[0m[31merror[0m] [0m[0m    at scala.collection.immutable.Nil$.head(List.scala:599)[0m
[0m[[0m[31merror[0m] [0m[0m    at scala.collection.immutable.Nil$.head(List.scala:598)[0m
[0m[[0m[31merror[0m] [0m[0m    at recfun.RecFun$.loop$1(RecFun.scala:28)[0m
[0m[[0m[31merror[0m] [0m[0m    at recfun.RecFun$.balance(RecFun.scala:34)[0m
[0m[[0m[31merror[0m] [0m[0m    at recfun.RecFunSuite.balance: 'I told him ...' is balanced([35mRecFunSuite.scala[0m:[33m15[0m)[0m
[0m[[0m[31merror[0m] [0m[0m    ...[0m
[0m[[0m[0mdebug[0m] [0m[0mTest recfun.[33mRecFunSuite[0m.[36mbalance: 'I told him ...' is balanced[0m finished, took 0.002 sec[0m
[0m[[0m[0minfo[0m] [0m[0m[34mTest run finished: [0m[31m8 failed[0m[34m, [0m[34m0 ignored[0m[34m, 11 total, 0.293s[0m[0m
[0m[[0m[0mdebug[0m] [0m[0m    Produced 0 nested tasks and 11 events.[0m
[0m[[0m[0mdebug[0m] [0m[0mSummary for JUnit not available.[0m
[0m[[0m[31merror[0m] [0m[0mFailed: Total 11, Failed 8, Errors 0, Passed 3[0m
[0m[[0m[31merror[0m] [0m[0mFailed tests:[0m
[0m[[0m[31merror[0m] [0m[0m	recfun.RecFunSuite[0m
[0m[[0m[31merror[0m] [0m[0m(Test / [31mtest[0m) sbt.TestsFailedException: Tests unsuccessful[0m
